[2m2021-11-19 17:46:41.982[0;39m [32m INFO[0;39m [35m2448[0;39m [2m---[0;39m [2m[  restartedMain][0;39m [36m.e.DevToolsPropertyDefaultsPostProcessor[0;39m [2m:[0;39m Devtools property defaults active! Set 'spring.devtools.add-properties' to 'false' to disable
[2m2021-11-19 17:46:41.987[0;39m [32m INFO[0;39m [35m2448[0;39m [2m---[0;39m [2m[  restartedMain][0;39m [36m.e.DevToolsPropertyDefaultsPostProcessor[0;39m [2m:[0;39m For additional web related logging consider setting the 'logging.level.web' property to 'DEBUG'
[2m2021-11-19 17:46:43.544[0;39m [32m INFO[0;39m [35m2448[0;39m [2m---[0;39m [2m[  restartedMain][0;39m [36mo.s.b.w.embedded.tomcat.TomcatWebServer [0;39m [2m:[0;39m Tomcat initialized with port(s): 9999 (http)
[2m2021-11-19 17:46:43.619[0;39m [32m INFO[0;39m [35m2448[0;39m [2m---[0;39m [2m[  restartedMain][0;39m [36mw.s.c.ServletWebServerApplicationContext[0;39m [2m:[0;39m Root WebApplicationContext: initialization completed in 1631 ms
[2m2021-11-19 17:46:44.393[0;39m [32m INFO[0;39m [35m2448[0;39m [2m---[0;39m [2m[  restartedMain][0;39m [36mo.s.b.d.a.OptionalLiveReloadServer      [0;39m [2m:[0;39m LiveReload server is running on port 35729
[2m2021-11-19 17:46:44.687[0;39m [32m INFO[0;39m [35m2448[0;39m [2m---[0;39m [2m[  restartedMain][0;39m [36mo.s.b.w.embedded.tomcat.TomcatWebServer [0;39m [2m:[0;39m Tomcat started on port(s): 9999 (http) with context path '/vue'
[2m2021-11-19 17:46:58.621[0;39m [32m INFO[0;39m [35m2448[0;39m [2m---[0;39m [2m[nio-9999-exec-1][0;39m [36mo.s.web.servlet.DispatcherServlet       [0;39m [2m:[0;39m Initializing Servlet 'dispatcherServlet'
[2m2021-11-19 17:46:58.622[0;39m [32m INFO[0;39m [35m2448[0;39m [2m---[0;39m [2m[nio-9999-exec-1][0;39m [36mo.s.web.servlet.DispatcherServlet       [0;39m [2m:[0;39m Completed initialization in 1 ms
[2m2021-11-19 17:46:59.129[0;39m [32mDEBUG[0;39m [35m2448[0;39m [2m---[0;39m [2m[nio-9999-exec-1][0;39m [36mc.ssafy.vue.controller.MemberController [0;39m [2m:[0;39m 로그인 토큰정보 : eyJ0eXAiOiJKV1QiLCJyZWdEYXRlIjoxNjM3MzExNjE5MDY0LCJhbGciOiJIUzI1NiJ9.eyJleHAiOjE2MzczMTUyMTksInN1YiI6ImFjY2Vzcy10b2tlbiIsInVzZXJpZCI6InNzYWZ5In0.Lu6Mlqw2EjN7Lp5I0a2y4wioTrCZ8AjdVZOsdZOv7Xg
[2m2021-11-19 17:46:59.254[0;39m [32m INFO[0;39m [35m2448[0;39m [2m---[0;39m [2m[nio-9999-exec-2][0;39m [36mc.ssafy.vue.controller.MemberController [0;39m [2m:[0;39m 사용 가능한 토큰!!!
[2m2021-11-19 17:47:08.369[0;39m [32m INFO[0;39m [35m2448[0;39m [2m---[0;39m [2m[nio-9999-exec-3][0;39m [36mc.ssafy.vue.controller.BoardController  [0;39m [2m:[0;39m listArticle - 호출
[2m2021-11-19 17:47:08.374[0;39m [32m INFO[0;39m [35m2448[0;39m [2m---[0;39m [2m[nio-9999-exec-4][0;39m [36mc.s.vue.controller.QuestionController   [0;39m [2m:[0;39m listArticle - 호출
[2m2021-11-19 17:47:12.093[0;39m [32m INFO[0;39m [35m2448[0;39m [2m---[0;39m [2m[nio-9999-exec-5][0;39m [36mc.ssafy.vue.controller.BoardController  [0;39m [2m:[0;39m listArticle - 호출
[2m2021-11-19 17:47:12.094[0;39m [32m INFO[0;39m [35m2448[0;39m [2m---[0;39m [2m[nio-9999-exec-6][0;39m [36mc.s.vue.controller.QuestionController   [0;39m [2m:[0;39m listArticle - 호출
[2m2021-11-19 17:47:18.603[0;39m [32mDEBUG[0;39m [35m2448[0;39m [2m---[0;39m [2m[nio-9999-exec-8][0;39m [36mc.ssafy.vue.controller.MemberController [0;39m [2m:[0;39m 로그인 토큰정보 : eyJ0eXAiOiJKV1QiLCJyZWdEYXRlIjoxNjM3MzExNjM4NjAyLCJhbGciOiJIUzI1NiJ9.eyJleHAiOjE2MzczMTUyMzgsInN1YiI6ImFjY2Vzcy10b2tlbiIsInVzZXJpZCI6InNzYWZ5In0.ksaIuSIPKOpaLnV5_uIbnFP3Q67o3AU4lZjT7snAdxw
[2m2021-11-19 17:47:18.636[0;39m [32m INFO[0;39m [35m2448[0;39m [2m---[0;39m [2m[io-9999-exec-10][0;39m [36mc.ssafy.vue.controller.MemberController [0;39m [2m:[0;39m 사용 가능한 토큰!!!
[2m2021-11-19 17:47:21.251[0;39m [32m INFO[0;39m [35m2448[0;39m [2m---[0;39m [2m[nio-9999-exec-1][0;39m [36mc.ssafy.vue.controller.BoardController  [0;39m [2m:[0;39m listArticle - 호출
[2m2021-11-19 17:47:21.254[0;39m [32m INFO[0;39m [35m2448[0;39m [2m---[0;39m [2m[nio-9999-exec-2][0;39m [36mc.s.vue.controller.QuestionController   [0;39m [2m:[0;39m listArticle - 호출
[2m2021-11-19 17:47:28.059[0;39m [32m INFO[0;39m [35m2448[0;39m [2m---[0;39m [2m[nio-9999-exec-4][0;39m [36mc.s.vue.controller.QuestionController   [0;39m [2m:[0;39m writeArticle - 호출
[2m2021-11-19 17:47:29.319[0;39m [32m INFO[0;39m [35m2448[0;39m [2m---[0;39m [2m[nio-9999-exec-5][0;39m [36mc.s.vue.controller.QuestionController   [0;39m [2m:[0;39m listArticle - 호출
[2m2021-11-19 17:47:37.525[0;39m [32m INFO[0;39m [35m2448[0;39m [2m---[0;39m [2m[nio-9999-exec-6][0;39m [36mc.s.vue.controller.QuestionController   [0;39m [2m:[0;39m getArticle - 호출 : 7
[2m2021-11-19 17:47:37.526[0;39m [32m INFO[0;39m [35m2448[0;39m [2m---[0;39m [2m[nio-9999-exec-7][0;39m [36mc.ssafy.vue.controller.AnswerController [0;39m [2m:[0;39m getArticle - 호출 : 7
[2m2021-11-19 17:47:39.052[0;39m [32m INFO[0;39m [35m2448[0;39m [2m---[0;39m [2m[nio-9999-exec-8][0;39m [36mc.s.vue.controller.QuestionController   [0;39m [2m:[0;39m getArticle - 호출 : 7
[2m2021-11-19 17:47:40.815[0;39m [32m INFO[0;39m [35m2448[0;39m [2m---[0;39m [2m[io-9999-exec-10][0;39m [36mc.s.vue.controller.QuestionController   [0;39m [2m:[0;39m modifyArticle - 호출
[2m2021-11-19 17:47:41.700[0;39m [32m INFO[0;39m [35m2448[0;39m [2m---[0;39m [2m[nio-9999-exec-1][0;39m [36mc.s.vue.controller.QuestionController   [0;39m [2m:[0;39m listArticle - 호출
[2m2021-11-19 17:47:48.061[0;39m [32m INFO[0;39m [35m2448[0;39m [2m---[0;39m [2m[nio-9999-exec-2][0;39m [36mc.ssafy.vue.controller.BoardController  [0;39m [2m:[0;39m listArticle - 호출
[2m2021-11-19 17:47:48.065[0;39m [32m INFO[0;39m [35m2448[0;39m [2m---[0;39m [2m[nio-9999-exec-3][0;39m [36mc.s.vue.controller.QuestionController   [0;39m [2m:[0;39m listArticle - 호출
[2m2021-11-19 17:47:49.154[0;39m [32m INFO[0;39m [35m2448[0;39m [2m---[0;39m [2m[nio-9999-exec-4][0;39m [36mc.s.vue.controller.QuestionController   [0;39m [2m:[0;39m getArticle - 호출 : 7
[2m2021-11-19 17:47:49.157[0;39m [32m INFO[0;39m [35m2448[0;39m [2m---[0;39m [2m[nio-9999-exec-5][0;39m [36mc.ssafy.vue.controller.AnswerController [0;39m [2m:[0;39m getArticle - 호출 : 7
[2m2021-11-19 17:47:56.577[0;39m [32m INFO[0;39m [35m2448[0;39m [2m---[0;39m [2m[nio-9999-exec-6][0;39m [36mc.ssafy.vue.controller.AnswerController [0;39m [2m:[0;39m writeArticle - 호출
[2m2021-11-19 17:47:59.901[0;39m [32m INFO[0;39m [35m2448[0;39m [2m---[0;39m [2m[nio-9999-exec-8][0;39m [36mc.ssafy.vue.controller.BoardController  [0;39m [2m:[0;39m listArticle - 호출
[2m2021-11-19 17:47:59.907[0;39m [32m INFO[0;39m [35m2448[0;39m [2m---[0;39m [2m[nio-9999-exec-9][0;39m [36mc.s.vue.controller.QuestionController   [0;39m [2m:[0;39m getArticle - 호출 : 7
[2m2021-11-19 17:47:59.912[0;39m [32m INFO[0;39m [35m2448[0;39m [2m---[0;39m [2m[io-9999-exec-10][0;39m [36mc.ssafy.vue.controller.AnswerController [0;39m [2m:[0;39m getArticle - 호출 : 7
[2m2021-11-19 17:48:39.554[0;39m [32m INFO[0;39m [35m2448[0;39m [2m---[0;39m [2m[nio-9999-exec-1][0;39m [36mc.ssafy.vue.controller.BoardController  [0;39m [2m:[0;39m listArticle - 호출
[2m2021-11-19 17:48:39.559[0;39m [32m INFO[0;39m [35m2448[0;39m [2m---[0;39m [2m[nio-9999-exec-3][0;39m [36mc.s.vue.controller.QuestionController   [0;39m [2m:[0;39m getArticle - 호출 : 7
[2m2021-11-19 17:48:39.562[0;39m [32m INFO[0;39m [35m2448[0;39m [2m---[0;39m [2m[nio-9999-exec-2][0;39m [36mc.ssafy.vue.controller.AnswerController [0;39m [2m:[0;39m getArticle - 호출 : 7
[2m2021-11-19 17:48:57.500[0;39m [32m INFO[0;39m [35m2448[0;39m [2m---[0;39m [2m[nio-9999-exec-5][0;39m [36mc.ssafy.vue.controller.BoardController  [0;39m [2m:[0;39m listArticle - 호출
[2m2021-11-19 17:48:59.810[0;39m [32m INFO[0;39m [35m2448[0;39m [2m---[0;39m [2m[nio-9999-exec-4][0;39m [36mc.ssafy.vue.controller.BoardController  [0;39m [2m:[0;39m listArticle - 호출
[2m2021-11-19 17:49:04.366[0;39m [32m INFO[0;39m [35m2448[0;39m [2m---[0;39m [2m[nio-9999-exec-7][0;39m [36mc.ssafy.vue.controller.BoardController  [0;39m [2m:[0;39m listArticle - 호출
[2m2021-11-19 17:49:41.888[0;39m [32m INFO[0;39m [35m2448[0;39m [2m---[0;39m [2m[io-9999-exec-10][0;39m [36mc.ssafy.vue.controller.BoardController  [0;39m [2m:[0;39m listArticle - 호출
[2m2021-11-19 17:49:41.892[0;39m [32m INFO[0;39m [35m2448[0;39m [2m---[0;39m [2m[nio-9999-exec-9][0;39m [36mc.s.vue.controller.QuestionController   [0;39m [2m:[0;39m listArticle - 호출
[2m2021-11-19 17:52:31.766[0;39m [32m INFO[0;39m [35m2448[0;39m [2m---[0;39m [2m[n(16)-127.0.0.1][0;39m [36minMXBeanRegistrar$SpringApplicationAdmin[0;39m [2m:[0;39m Application shutdown requested.
