[2m2022-01-27 00:05:22.855[0;39m [32m INFO[0;39m [35m10132[0;39m [2m---[0;39m [2m[  restartedMain][0;39m [36m.e.DevToolsPropertyDefaultsPostProcessor[0;39m [2m:[0;39m Devtools property defaults active! Set 'spring.devtools.add-properties' to 'false' to disable
[2m2022-01-27 00:05:22.862[0;39m [32m INFO[0;39m [35m10132[0;39m [2m---[0;39m [2m[  restartedMain][0;39m [36m.e.DevToolsPropertyDefaultsPostProcessor[0;39m [2m:[0;39m For additional web related logging consider setting the 'logging.level.web' property to 'DEBUG'
[2m2022-01-27 00:05:25.464[0;39m [32m INFO[0;39m [35m10132[0;39m [2m---[0;39m [2m[  restartedMain][0;39m [36mo.s.b.w.embedded.tomcat.TomcatWebServer [0;39m [2m:[0;39m Tomcat initialized with port(s): 9999 (http)
[2m2022-01-27 00:05:25.564[0;39m [32m INFO[0;39m [35m10132[0;39m [2m---[0;39m [2m[  restartedMain][0;39m [36mw.s.c.ServletWebServerApplicationContext[0;39m [2m:[0;39m Root WebApplicationContext: initialization completed in 2701 ms
[2m2022-01-27 00:05:26.272[0;39m [32m INFO[0;39m [35m10132[0;39m [2m---[0;39m [2m[  restartedMain][0;39m [36mo.s.b.d.a.OptionalLiveReloadServer      [0;39m [2m:[0;39m LiveReload server is running on port 35729
[2m2022-01-27 00:05:26.463[0;39m [32m INFO[0;39m [35m10132[0;39m [2m---[0;39m [2m[  restartedMain][0;39m [36mo.s.b.w.embedded.tomcat.TomcatWebServer [0;39m [2m:[0;39m Tomcat started on port(s): 9999 (http) with context path '/vue'
2022-01-27 00:15:33.947  INFO   --- [           main] .b.t.c.SpringBootTestContextBootstrapper : Neither @ContextConfiguration nor @ContextHierarchy found for test class [com.ssafy.axios.AxiosApiApplicationTests], using SpringBootContextLoader
2022-01-27 00:15:33.957  INFO   --- [           main] o.s.t.c.support.AbstractContextLoader    : Could not detect default resource locations for test class [com.ssafy.axios.AxiosApiApplicationTests]: no resource found for suffixes {-context.xml, Context.groovy}.
2022-01-27 00:15:33.958  INFO   --- [           main] t.c.s.AnnotationConfigContextLoaderUtils : Could not detect default configuration classes for test class [com.ssafy.axios.AxiosApiApplicationTests]: AxiosApiApplicationTests does not declare any static, non-private, non-final, nested classes annotated with @Configuration.
2022-01-27 00:15:34.105  INFO   --- [           main] .b.t.c.SpringBootTestContextBootstrapper : Neither @ContextConfiguration nor @ContextHierarchy found for test class [com.ssafy.vue.HappyhouseVueApplicationTests], using SpringBootContextLoader
2022-01-27 00:15:34.107  INFO   --- [           main] o.s.t.c.support.AbstractContextLoader    : Could not detect default resource locations for test class [com.ssafy.vue.HappyhouseVueApplicationTests]: no resource found for suffixes {-context.xml, Context.groovy}.
2022-01-27 00:15:34.108  INFO   --- [           main] t.c.s.AnnotationConfigContextLoaderUtils : Could not detect default configuration classes for test class [com.ssafy.vue.HappyhouseVueApplicationTests]: HappyhouseVueApplicationTests does not declare any static, non-private, non-final, nested classes annotated with @Configuration.
2022-01-27 00:15:34.166  INFO   --- [           main] .b.t.c.SpringBootTestContextBootstrapper : Neither @ContextConfiguration nor @ContextHierarchy found for test class [com.ssafy.vue.VueApi2ApplicationTests], using SpringBootContextLoader
2022-01-27 00:15:34.168  INFO   --- [           main] o.s.t.c.support.AbstractContextLoader    : Could not detect default resource locations for test class [com.ssafy.vue.VueApi2ApplicationTests]: no resource found for suffixes {-context.xml, Context.groovy}.
2022-01-27 00:15:34.169  INFO   --- [           main] t.c.s.AnnotationConfigContextLoaderUtils : Could not detect default configuration classes for test class [com.ssafy.vue.VueApi2ApplicationTests]: VueApi2ApplicationTests does not declare any static, non-private, non-final, nested classes annotated with @Configuration.
2022-01-27 00:15:34.185  INFO   --- [           main] .b.t.c.SpringBootTestContextBootstrapper : Neither @ContextConfiguration nor @ContextHierarchy found for test class [com.ssafy.vue.VueApiApplicationTests], using SpringBootContextLoader
2022-01-27 00:15:34.187  INFO   --- [           main] o.s.t.c.support.AbstractContextLoader    : Could not detect default resource locations for test class [com.ssafy.vue.VueApiApplicationTests]: no resource found for suffixes {-context.xml, Context.groovy}.
2022-01-27 00:15:34.188  INFO   --- [           main] t.c.s.AnnotationConfigContextLoaderUtils : Could not detect default configuration classes for test class [com.ssafy.vue.VueApiApplicationTests]: VueApiApplicationTests does not declare any static, non-private, non-final, nested classes annotated with @Configuration.
2022-01-27 00:25:16.954  INFO   --- [           main] .b.t.c.SpringBootTestContextBootstrapper : Neither @ContextConfiguration nor @ContextHierarchy found for test class [com.ssafy.axios.AxiosApiApplicationTests], using SpringBootContextLoader
2022-01-27 00:25:16.965  INFO   --- [           main] o.s.t.c.support.AbstractContextLoader    : Could not detect default resource locations for test class [com.ssafy.axios.AxiosApiApplicationTests]: no resource found for suffixes {-context.xml, Context.groovy}.
2022-01-27 00:25:16.966  INFO   --- [           main] t.c.s.AnnotationConfigContextLoaderUtils : Could not detect default configuration classes for test class [com.ssafy.axios.AxiosApiApplicationTests]: AxiosApiApplicationTests does not declare any static, non-private, non-final, nested classes annotated with @Configuration.
2022-01-27 00:25:17.141  INFO   --- [           main] .b.t.c.SpringBootTestContextBootstrapper : Neither @ContextConfiguration nor @ContextHierarchy found for test class [com.ssafy.vue.HappyhouseVueApplicationTests], using SpringBootContextLoader
2022-01-27 00:25:17.144  INFO   --- [           main] o.s.t.c.support.AbstractContextLoader    : Could not detect default resource locations for test class [com.ssafy.vue.HappyhouseVueApplicationTests]: no resource found for suffixes {-context.xml, Context.groovy}.
2022-01-27 00:25:17.144  INFO   --- [           main] t.c.s.AnnotationConfigContextLoaderUtils : Could not detect default configuration classes for test class [com.ssafy.vue.HappyhouseVueApplicationTests]: HappyhouseVueApplicationTests does not declare any static, non-private, non-final, nested classes annotated with @Configuration.
2022-01-27 00:25:17.265  INFO   --- [           main] .b.t.c.SpringBootTestContextBootstrapper : Neither @ContextConfiguration nor @ContextHierarchy found for test class [com.ssafy.vue.VueApi2ApplicationTests], using SpringBootContextLoader
2022-01-27 00:25:17.269  INFO   --- [           main] o.s.t.c.support.AbstractContextLoader    : Could not detect default resource locations for test class [com.ssafy.vue.VueApi2ApplicationTests]: no resource found for suffixes {-context.xml, Context.groovy}.
2022-01-27 00:25:17.270  INFO   --- [           main] t.c.s.AnnotationConfigContextLoaderUtils : Could not detect default configuration classes for test class [com.ssafy.vue.VueApi2ApplicationTests]: VueApi2ApplicationTests does not declare any static, non-private, non-final, nested classes annotated with @Configuration.
2022-01-27 00:25:17.302  INFO   --- [           main] .b.t.c.SpringBootTestContextBootstrapper : Neither @ContextConfiguration nor @ContextHierarchy found for test class [com.ssafy.vue.VueApiApplicationTests], using SpringBootContextLoader
2022-01-27 00:25:17.305  INFO   --- [           main] o.s.t.c.support.AbstractContextLoader    : Could not detect default resource locations for test class [com.ssafy.vue.VueApiApplicationTests]: no resource found for suffixes {-context.xml, Context.groovy}.
2022-01-27 00:25:17.308  INFO   --- [           main] t.c.s.AnnotationConfigContextLoaderUtils : Could not detect default configuration classes for test class [com.ssafy.vue.VueApiApplicationTests]: VueApiApplicationTests does not declare any static, non-private, non-final, nested classes annotated with @Configuration.
2022-01-27 00:29:21.904  INFO   --- [           main] .b.t.c.SpringBootTestContextBootstrapper : Neither @ContextConfiguration nor @ContextHierarchy found for test class [com.ssafy.axios.AxiosApiApplicationTests], using SpringBootContextLoader
2022-01-27 00:29:21.913  INFO   --- [           main] o.s.t.c.support.AbstractContextLoader    : Could not detect default resource locations for test class [com.ssafy.axios.AxiosApiApplicationTests]: no resource found for suffixes {-context.xml, Context.groovy}.
2022-01-27 00:29:21.914  INFO   --- [           main] t.c.s.AnnotationConfigContextLoaderUtils : Could not detect default configuration classes for test class [com.ssafy.axios.AxiosApiApplicationTests]: AxiosApiApplicationTests does not declare any static, non-private, non-final, nested classes annotated with @Configuration.
2022-01-27 00:29:22.067  INFO   --- [           main] .b.t.c.SpringBootTestContextBootstrapper : Neither @ContextConfiguration nor @ContextHierarchy found for test class [com.ssafy.vue.HappyhouseVueApplicationTests], using SpringBootContextLoader
2022-01-27 00:29:22.068  INFO   --- [           main] o.s.t.c.support.AbstractContextLoader    : Could not detect default resource locations for test class [com.ssafy.vue.HappyhouseVueApplicationTests]: no resource found for suffixes {-context.xml, Context.groovy}.
2022-01-27 00:29:22.069  INFO   --- [           main] t.c.s.AnnotationConfigContextLoaderUtils : Could not detect default configuration classes for test class [com.ssafy.vue.HappyhouseVueApplicationTests]: HappyhouseVueApplicationTests does not declare any static, non-private, non-final, nested classes annotated with @Configuration.
2022-01-27 00:29:22.120  INFO   --- [           main] .b.t.c.SpringBootTestContextBootstrapper : Neither @ContextConfiguration nor @ContextHierarchy found for test class [com.ssafy.vue.VueApi2ApplicationTests], using SpringBootContextLoader
2022-01-27 00:29:22.125  INFO   --- [           main] o.s.t.c.support.AbstractContextLoader    : Could not detect default resource locations for test class [com.ssafy.vue.VueApi2ApplicationTests]: no resource found for suffixes {-context.xml, Context.groovy}.
2022-01-27 00:29:22.128  INFO   --- [           main] t.c.s.AnnotationConfigContextLoaderUtils : Could not detect default configuration classes for test class [com.ssafy.vue.VueApi2ApplicationTests]: VueApi2ApplicationTests does not declare any static, non-private, non-final, nested classes annotated with @Configuration.
2022-01-27 00:29:22.143  INFO   --- [           main] .b.t.c.SpringBootTestContextBootstrapper : Neither @ContextConfiguration nor @ContextHierarchy found for test class [com.ssafy.vue.VueApiApplicationTests], using SpringBootContextLoader
2022-01-27 00:29:22.146  INFO   --- [           main] o.s.t.c.support.AbstractContextLoader    : Could not detect default resource locations for test class [com.ssafy.vue.VueApiApplicationTests]: no resource found for suffixes {-context.xml, Context.groovy}.
2022-01-27 00:29:22.148  INFO   --- [           main] t.c.s.AnnotationConfigContextLoaderUtils : Could not detect default configuration classes for test class [com.ssafy.vue.VueApiApplicationTests]: VueApiApplicationTests does not declare any static, non-private, non-final, nested classes annotated with @Configuration.
2022-01-27 00:31:46.767  INFO   --- [           main] .b.t.c.SpringBootTestContextBootstrapper : Neither @ContextConfiguration nor @ContextHierarchy found for test class [com.ssafy.axios.AxiosApiApplicationTests], using SpringBootContextLoader
2022-01-27 00:31:46.781  INFO   --- [           main] o.s.t.c.support.AbstractContextLoader    : Could not detect default resource locations for test class [com.ssafy.axios.AxiosApiApplicationTests]: no resource found for suffixes {-context.xml, Context.groovy}.
2022-01-27 00:31:46.782  INFO   --- [           main] t.c.s.AnnotationConfigContextLoaderUtils : Could not detect default configuration classes for test class [com.ssafy.axios.AxiosApiApplicationTests]: AxiosApiApplicationTests does not declare any static, non-private, non-final, nested classes annotated with @Configuration.
2022-01-27 00:31:46.972  INFO   --- [           main] .b.t.c.SpringBootTestContextBootstrapper : Neither @ContextConfiguration nor @ContextHierarchy found for test class [com.ssafy.vue.HappyhouseVueApplicationTests], using SpringBootContextLoader
2022-01-27 00:31:46.975  INFO   --- [           main] o.s.t.c.support.AbstractContextLoader    : Could not detect default resource locations for test class [com.ssafy.vue.HappyhouseVueApplicationTests]: no resource found for suffixes {-context.xml, Context.groovy}.
2022-01-27 00:31:46.975  INFO   --- [           main] t.c.s.AnnotationConfigContextLoaderUtils : Could not detect default configuration classes for test class [com.ssafy.vue.HappyhouseVueApplicationTests]: HappyhouseVueApplicationTests does not declare any static, non-private, non-final, nested classes annotated with @Configuration.
2022-01-27 00:31:47.052  INFO   --- [           main] .b.t.c.SpringBootTestContextBootstrapper : Neither @ContextConfiguration nor @ContextHierarchy found for test class [com.ssafy.vue.VueApi2ApplicationTests], using SpringBootContextLoader
2022-01-27 00:31:47.054  INFO   --- [           main] o.s.t.c.support.AbstractContextLoader    : Could not detect default resource locations for test class [com.ssafy.vue.VueApi2ApplicationTests]: no resource found for suffixes {-context.xml, Context.groovy}.
2022-01-27 00:31:47.055  INFO   --- [           main] t.c.s.AnnotationConfigContextLoaderUtils : Could not detect default configuration classes for test class [com.ssafy.vue.VueApi2ApplicationTests]: VueApi2ApplicationTests does not declare any static, non-private, non-final, nested classes annotated with @Configuration.
2022-01-27 00:31:47.074  INFO   --- [           main] .b.t.c.SpringBootTestContextBootstrapper : Neither @ContextConfiguration nor @ContextHierarchy found for test class [com.ssafy.vue.VueApiApplicationTests], using SpringBootContextLoader
2022-01-27 00:31:47.077  INFO   --- [           main] o.s.t.c.support.AbstractContextLoader    : Could not detect default resource locations for test class [com.ssafy.vue.VueApiApplicationTests]: no resource found for suffixes {-context.xml, Context.groovy}.
2022-01-27 00:31:47.078  INFO   --- [           main] t.c.s.AnnotationConfigContextLoaderUtils : Could not detect default configuration classes for test class [com.ssafy.vue.VueApiApplicationTests]: VueApiApplicationTests does not declare any static, non-private, non-final, nested classes annotated with @Configuration.
[2m2022-01-27 00:34:26.455[0;39m [32m INFO[0;39m [35m14608[0;39m [2m---[0;39m [2m[  restartedMain][0;39m [36m.e.DevToolsPropertyDefaultsPostProcessor[0;39m [2m:[0;39m Devtools property defaults active! Set 'spring.devtools.add-properties' to 'false' to disable
[2m2022-01-27 00:34:26.458[0;39m [32m INFO[0;39m [35m14608[0;39m [2m---[0;39m [2m[  restartedMain][0;39m [36m.e.DevToolsPropertyDefaultsPostProcessor[0;39m [2m:[0;39m For additional web related logging consider setting the 'logging.level.web' property to 'DEBUG'
[2m2022-01-27 00:34:27.965[0;39m [32m INFO[0;39m [35m14608[0;39m [2m---[0;39m [2m[  restartedMain][0;39m [36mo.s.b.w.embedded.tomcat.TomcatWebServer [0;39m [2m:[0;39m Tomcat initialized with port(s): 9999 (http)
[2m2022-01-27 00:34:28.074[0;39m [32m INFO[0;39m [35m14608[0;39m [2m---[0;39m [2m[  restartedMain][0;39m [36mw.s.c.ServletWebServerApplicationContext[0;39m [2m:[0;39m Root WebApplicationContext: initialization completed in 1615 ms
[2m2022-01-27 00:34:28.786[0;39m [32m INFO[0;39m [35m14608[0;39m [2m---[0;39m [2m[  restartedMain][0;39m [36mo.s.b.d.a.OptionalLiveReloadServer      [0;39m [2m:[0;39m LiveReload server is running on port 35729
[2m2022-01-27 00:34:29.000[0;39m [32m INFO[0;39m [35m14608[0;39m [2m---[0;39m [2m[  restartedMain][0;39m [36mo.s.b.w.embedded.tomcat.TomcatWebServer [0;39m [2m:[0;39m Tomcat started on port(s): 9999 (http) with context path '/vue'
